<?xml version="1.0" encoding="UTF-8"?>
<!-- Generated by org.testng.reporters.JUnitXMLReporter -->
<testsuite ignored="2" hostname="AskyPC" failures="0" tests="1" name="Test" time="16.636" errors="0" timestamp="2025-09-19T20:28:24 EDT">
  <testcase classname="testCases.TC002_LoginTest" name="verify_login" time="4.435"/>
  <testcase classname="testCases.TC003_LoginTestDataDriven" name="verify_loginTDD" time="0.0">
    <ignored/>
  </testcase> <!-- verify_loginTDD -->
  <testcase classname="testCases.TC001_AccountRegistrationTest" name="verify_account_registration" time="0.0">
    <ignored/>
  </testcase> <!-- verify_account_registration -->
</testsuite> <!-- Test -->
